[2m9:57:20 AM[22m [31m[1m[vite][22m[39m [31m[2m(client)[22m[39m Pre-transform error: [postcss] C:/Users/kabir/OneDrive/Documents/PYTHON PROJECTS/Chess review/frontend/src/styles.css:64:5: The `bg-app-surface` class does not exist. If `bg-app-surface` is a custom class, make sure it is defined within a `@layer` directive.
  Plugin: [35mvite:css[39m
  File: [36mC:/Users/kabir/OneDrive/Documents/PYTHON PROJECTS/Chess review/frontend/src/styles.css[39m:64:4
[33m  62 |    /* A real layered card surface: sheen highlight + soft elevation. */
  63 |    .surface {
  64 |      @apply rounded-2xl border border-app-border bg-app-surface bg-surface-sheen shadow-card;
     |      ^
  65 |    }
  66 |    .surface-raised {[39m
[2m9:57:20 AM[22m [31m[1m[vite][22m[39m [31mInternal server error: [postcss] C:/Users/kabir/OneDrive/Documents/PYTHON PROJECTS/Chess review/frontend/src/styles.css:64:5: The `bg-app-surface` class does not exist. If `bg-app-surface` is a custom class, make sure it is defined within a `@layer` directive.[39m
  Plugin: [35mvite:css[39m
  File: [36mC:/Users/kabir/OneDrive/Documents/PYTHON PROJECTS/Chess review/frontend/src/styles.css[39m:64:4
[33m  62 |    /* A real layered card surface: sheen highlight + soft elevation. */
  63 |    .surface {
  64 |      @apply rounded-2xl border border-app-border bg-app-surface bg-surface-sheen shadow-card;
     |      ^
  65 |    }
  66 |    .surface-raised {[39m
      at Input.error (C:\Users\kabir\OneDrive\Documents\PYTHON PROJECTS\Chess review\frontend\node_modules\postcss\lib\input.js:135:16)
      at AtRule.error (C:\Users\kabir\OneDrive\Documents\PYTHON PROJECTS\Chess review\frontend\node_modules\postcss\lib\node.js:146:32)
      at processApply (C:\Users\kabir\OneDrive\Documents\PYTHON PROJECTS\Chess review\frontend\node_modules\tailwindcss\lib\lib\expandApplyAtRules.js:380:29)
      at C:\Users\kabir\OneDrive\Documents\PYTHON PROJECTS\Chess review\frontend\node_modules\tailwindcss\lib\lib\expandApplyAtRules.js:551:9
      at C:\Users\kabir\OneDrive\Documents\PYTHON PROJECTS\Chess review\frontend\node_modules\tailwindcss\lib\processTailwindFeatures.js:55:50
      at async plugins (C:\Users\kabir\OneDrive\Documents\PYTHON PROJECTS\Chess review\frontend\node_modules\tailwindcss\lib\plugin.js:38:17)
      at async LazyResult.runAsync (C:\Users\kabir\OneDrive\Documents\PYTHON PROJECTS\Chess review\frontend\node_modules\postcss\lib\lazy-result.js:293:11)
      at async runPostCSS (file:///C:/Users/kabir/OneDrive/Documents/PYTHON%20PROJECTS/Chess%20review/frontend/node_modules/vite/dist/node/chunks/dep-Dm0c1Wj2.js:43983:21)
      at async compilePostCSS (file:///C:/Users/kabir/OneDrive/Documents/PYTHON%20PROJECTS/Chess%20review/frontend/node_modules/vite/dist/node/chunks/dep-Dm0c1Wj2.js:43953:18)
      at async compileCSS (file:///C:/Users/kabir/OneDrive/Documents/PYTHON%20PROJECTS/Chess%20review/frontend/node_modules/vite/dist/node/chunks/dep-Dm0c1Wj2.js:43808:27)
      at async TransformPluginContext.handler (file:///C:/Users/kabir/OneDrive/Documents/PYTHON%20PROJECTS/Chess%20review/frontend/node_modules/vite/dist/node/chunks/dep-Dm0c1Wj2.js:43124:11)
      at async EnvironmentPluginContainer.transform (file:///C:/Users/kabir/OneDrive/Documents/PYTHON%20PROJECTS/Chess%20review/frontend/node_modules/vite/dist/node/chunks/dep-Dm0c1Wj2.js:42453:18)
      at async loadAndTransform (file:///C:/Users/kabir/OneDrive/Documents/PYTHON%20PROJECTS/Chess%20review/frontend/node_modules/vite/dist/node/chunks/dep-Dm0c1Wj2.js:35845:27)
      at async viteTransformMiddleware (file:///C:/Users/kabir/OneDrive/Documents/PYTHON%20PROJECTS/Chess%20review/frontend/node_modules/vite/dist/node/chunks/dep-Dm0c1Wj2.js:37369:24)
[2m9:57:30 AM[22m [31m[1m[vite][22m[39m [31mInternal server error: [postcss] C:/Users/kabir/OneDrive/Documents/PYTHON PROJECTS/Chess review/frontend/src/styles.css:64:5: The `bg-app-surface` class does not exist. If `bg-app-surface` is a custom class, make sure it is defined within a `@layer` directive.[39m
  Plugin: [35mvite:css[39m
  File: [36mC:/Users/kabir/OneDrive/Documents/PYTHON PROJECTS/Chess review/frontend/src/styles.css[39m:64:4
[33m  62 |    /* A real layered card surface: sheen highlight + soft elevation. */
  63 |    .surface {
  64 |      @apply rounded-2xl border border-app-border bg-app-surface bg-surface-sheen shadow-card;
     |      ^
  65 |    }
  66 |    .surface-raised {[39m
      at Input.error (C:\Users\kabir\OneDrive\Documents\PYTHON PROJECTS\Chess review\frontend\node_modules\postcss\lib\input.js:135:16)
      at AtRule.error (C:\Users\kabir\OneDrive\Documents\PYTHON PROJECTS\Chess review\frontend\node_modules\postcss\lib\node.js:146:32)
      at processApply (C:\Users\kabir\OneDrive\Documents\PYTHON PROJECTS\Chess review\frontend\node_modules\tailwindcss\lib\lib\expandApplyAtRules.js:380:29)
      at C:\Users\kabir\OneDrive\Documents\PYTHON PROJECTS\Chess review\frontend\node_modules\tailwindcss\lib\lib\expandApplyAtRules.js:551:9
      at C:\Users\kabir\OneDrive\Documents\PYTHON PROJECTS\Chess review\frontend\node_modules\tailwindcss\lib\processTailwindFeatures.js:55:50
      at async plugins (C:\Users\kabir\OneDrive\Documents\PYTHON PROJECTS\Chess review\frontend\node_modules\tailwindcss\lib\plugin.js:38:17)
      at async LazyResult.runAsync (C:\Users\kabir\OneDrive\Documents\PYTHON PROJECTS\Chess review\frontend\node_modules\postcss\lib\lazy-result.js:293:11)
      at async runPostCSS (file:///C:/Users/kabir/OneDrive/Documents/PYTHON%20PROJECTS/Chess%20review/frontend/node_modules/vite/dist/node/chunks/dep-Dm0c1Wj2.js:43983:21)
      at async compilePostCSS (file:///C:/Users/kabir/OneDrive/Documents/PYTHON%20PROJECTS/Chess%20review/frontend/node_modules/vite/dist/node/chunks/dep-Dm0c1Wj2.js:43953:18)
      at async compileCSS (file:///C:/Users/kabir/OneDrive/Documents/PYTHON%20PROJECTS/Chess%20review/frontend/node_modules/vite/dist/node/chunks/dep-Dm0c1Wj2.js:43808:27)
      at async TransformPluginContext.handler (file:///C:/Users/kabir/OneDrive/Documents/PYTHON%20PROJECTS/Chess%20review/frontend/node_modules/vite/dist/node/chunks/dep-Dm0c1Wj2.js:43124:11)
      at async EnvironmentPluginContainer.transform (file:///C:/Users/kabir/OneDrive/Documents/PYTHON%20PROJECTS/Chess%20review/frontend/node_modules/vite/dist/node/chunks/dep-Dm0c1Wj2.js:42453:18)
      at async loadAndTransform (file:///C:/Users/kabir/OneDrive/Documents/PYTHON%20PROJECTS/Chess%20review/frontend/node_modules/vite/dist/node/chunks/dep-Dm0c1Wj2.js:35845:27)
[2m9:57:30 AM[22m [31m[1m[vite][22m[39m [31m[2m(client)[22m[39m Pre-transform error: [postcss] C:/Users/kabir/OneDrive/Documents/PYTHON PROJECTS/Chess review/frontend/src/styles.css:64:5: The `bg-app-surface` class does not exist. If `bg-app-surface` is a custom class, make sure it is defined within a `@layer` directive.
  Plugin: [35mvite:css[39m
  File: [36mC:/Users/kabir/OneDrive/Documents/PYTHON PROJECTS/Chess review/frontend/src/styles.css[39m:64:4
[33m  62 |    /* A real layered card surface: sheen highlight + soft elevation. */
  63 |    .surface {
  64 |      @apply rounded-2xl border border-app-border bg-app-surface bg-surface-sheen shadow-card;
     |      ^
  65 |    }
  66 |    .surface-raised {[39m
[2m9:57:42 AM[22m [31m[1m[vite][22m[39m [31mInternal server error: [postcss] C:/Users/kabir/OneDrive/Documents/PYTHON PROJECTS/Chess review/frontend/src/styles.css:64:5: The `bg-app-surface` class does not exist. If `bg-app-surface` is a custom class, make sure it is defined within a `@layer` directive.[39m
  Plugin: [35mvite:css[39m
  File: [36mC:/Users/kabir/OneDrive/Documents/PYTHON PROJECTS/Chess review/frontend/src/styles.css[39m:64:4
[33m  62 |    /* A real layered card surface: sheen highlight + soft elevation. */
  63 |    .surface {
  64 |      @apply rounded-2xl border border-app-border bg-app-surface bg-surface-sheen shadow-card;
     |      ^
  65 |    }
  66 |    .surface-raised {[39m
      at Input.error (C:\Users\kabir\OneDrive\Documents\PYTHON PROJECTS\Chess review\frontend\node_modules\postcss\lib\input.js:135:16)
      at AtRule.error (C:\Users\kabir\OneDrive\Documents\PYTHON PROJECTS\Chess review\frontend\node_modules\postcss\lib\node.js:146:32)
      at processApply (C:\Users\kabir\OneDrive\Documents\PYTHON PROJECTS\Chess review\frontend\node_modules\tailwindcss\lib\lib\expandApplyAtRules.js:380:29)
      at C:\Users\kabir\OneDrive\Documents\PYTHON PROJECTS\Chess review\frontend\node_modules\tailwindcss\lib\lib\expandApplyAtRules.js:551:9
      at C:\Users\kabir\OneDrive\Documents\PYTHON PROJECTS\Chess review\frontend\node_modules\tailwindcss\lib\processTailwindFeatures.js:55:50
      at async plugins (C:\Users\kabir\OneDrive\Documents\PYTHON PROJECTS\Chess review\frontend\node_modules\tailwindcss\lib\plugin.js:38:17)
      at async LazyResult.runAsync (C:\Users\kabir\OneDrive\Documents\PYTHON PROJECTS\Chess review\frontend\node_modules\postcss\lib\lazy-result.js:293:11)
      at async runPostCSS (file:///C:/Users/kabir/OneDrive/Documents/PYTHON%20PROJECTS/Chess%20review/frontend/node_modules/vite/dist/node/chunks/dep-Dm0c1Wj2.js:43983:21)
      at async compilePostCSS (file:///C:/Users/kabir/OneDrive/Documents/PYTHON%20PROJECTS/Chess%20review/frontend/node_modules/vite/dist/node/chunks/dep-Dm0c1Wj2.js:43953:18)
      at async compileCSS (file:///C:/Users/kabir/OneDrive/Documents/PYTHON%20PROJECTS/Chess%20review/frontend/node_modules/vite/dist/node/chunks/dep-Dm0c1Wj2.js:43808:27)
      at async TransformPluginContext.handler (file:///C:/Users/kabir/OneDrive/Documents/PYTHON%20PROJECTS/Chess%20review/frontend/node_modules/vite/dist/node/chunks/dep-Dm0c1Wj2.js:43124:11)
      at async EnvironmentPluginContainer.transform (file:///C:/Users/kabir/OneDrive/Documents/PYTHON%20PROJECTS/Chess%20review/frontend/node_modules/vite/dist/node/chunks/dep-Dm0c1Wj2.js:42453:18)
      at async loadAndTransform (file:///C:/Users/kabir/OneDrive/Documents/PYTHON%20PROJECTS/Chess%20review/frontend/node_modules/vite/dist/node/chunks/dep-Dm0c1Wj2.js:35845:27)
[2m9:57:42 AM[22m [31m[1m[vite][22m[39m [31m[2m(client)[22m[39m Pre-transform error: [postcss] C:/Users/kabir/OneDrive/Documents/PYTHON PROJECTS/Chess review/frontend/src/styles.css:64:5: The `bg-app-surface` class does not exist. If `bg-app-surface` is a custom class, make sure it is defined within a `@layer` directive.
  Plugin: [35mvite:css[39m
  File: [36mC:/Users/kabir/OneDrive/Documents/PYTHON PROJECTS/Chess review/frontend/src/styles.css[39m:64:4
[33m  62 |    /* A real layered card surface: sheen highlight + soft elevation. */
  63 |    .surface {
  64 |      @apply rounded-2xl border border-app-border bg-app-surface bg-surface-sheen shadow-card;
     |      ^
  65 |    }
  66 |    .surface-raised {[39m
[2m9:59:05 AM[22m [31m[1m[vite][22m[39m [31mInternal server error: [postcss] C:/Users/kabir/OneDrive/Documents/PYTHON PROJECTS/Chess review/frontend/src/styles.css:64:5: The `bg-app-surface` class does not exist. If `bg-app-surface` is a custom class, make sure it is defined within a `@layer` directive.[39m
  Plugin: [35mvite:css[39m
  File: [36mC:/Users/kabir/OneDrive/Documents/PYTHON PROJECTS/Chess review/frontend/src/styles.css[39m:64:4
[33m  62 |    /* A real layered card surface: sheen highlight + soft elevation. */
  63 |    .surface {
  64 |      @apply rounded-2xl border border-app-border bg-app-surface bg-surface-sheen shadow-card;
     |      ^
  65 |    }
  66 |    .surface-raised {[39m
      at Input.error (C:\Users\kabir\OneDrive\Documents\PYTHON PROJECTS\Chess review\frontend\node_modules\postcss\lib\input.js:135:16)
      at AtRule.error (C:\Users\kabir\OneDrive\Documents\PYTHON PROJECTS\Chess review\frontend\node_modules\postcss\lib\node.js:146:32)
      at processApply (C:\Users\kabir\OneDrive\Documents\PYTHON PROJECTS\Chess review\frontend\node_modules\tailwindcss\lib\lib\expandApplyAtRules.js:380:29)
      at C:\Users\kabir\OneDrive\Documents\PYTHON PROJECTS\Chess review\frontend\node_modules\tailwindcss\lib\lib\expandApplyAtRules.js:551:9
      at C:\Users\kabir\OneDrive\Documents\PYTHON PROJECTS\Chess review\frontend\node_modules\tailwindcss\lib\processTailwindFeatures.js:55:50
      at async plugins (C:\Users\kabir\OneDrive\Documents\PYTHON PROJECTS\Chess review\frontend\node_modules\tailwindcss\lib\plugin.js:38:17)
      at async LazyResult.runAsync (C:\Users\kabir\OneDrive\Documents\PYTHON PROJECTS\Chess review\frontend\node_modules\postcss\lib\lazy-result.js:293:11)
      at async runPostCSS (file:///C:/Users/kabir/OneDrive/Documents/PYTHON%20PROJECTS/Chess%20review/frontend/node_modules/vite/dist/node/chunks/dep-Dm0c1Wj2.js:43983:21)
      at async compilePostCSS (file:///C:/Users/kabir/OneDrive/Documents/PYTHON%20PROJECTS/Chess%20review/frontend/node_modules/vite/dist/node/chunks/dep-Dm0c1Wj2.js:43953:18)
      at async compileCSS (file:///C:/Users/kabir/OneDrive/Documents/PYTHON%20PROJECTS/Chess%20review/frontend/node_modules/vite/dist/node/chunks/dep-Dm0c1Wj2.js:43808:27)
      at async TransformPluginContext.handler (file:///C:/Users/kabir/OneDrive/Documents/PYTHON%20PROJECTS/Chess%20review/frontend/node_modules/vite/dist/node/chunks/dep-Dm0c1Wj2.js:43124:11)
      at async EnvironmentPluginContainer.transform (file:///C:/Users/kabir/OneDrive/Documents/PYTHON%20PROJECTS/Chess%20review/frontend/node_modules/vite/dist/node/chunks/dep-Dm0c1Wj2.js:42453:18)
      at async loadAndTransform (file:///C:/Users/kabir/OneDrive/Documents/PYTHON%20PROJECTS/Chess%20review/frontend/node_modules/vite/dist/node/chunks/dep-Dm0c1Wj2.js:35845:27)
[2m9:59:05 AM[22m [31m[1m[vite][22m[39m [31m[2m(client)[22m[39m Pre-transform error: [postcss] C:/Users/kabir/OneDrive/Documents/PYTHON PROJECTS/Chess review/frontend/src/styles.css:64:5: The `bg-app-surface` class does not exist. If `bg-app-surface` is a custom class, make sure it is defined within a `@layer` directive.
  Plugin: [35mvite:css[39m
  File: [36mC:/Users/kabir/OneDrive/Documents/PYTHON PROJECTS/Chess review/frontend/src/styles.css[39m:64:4
[33m  62 |    /* A real layered card surface: sheen highlight + soft elevation. */
  63 |    .surface {
  64 |      @apply rounded-2xl border border-app-border bg-app-surface bg-surface-sheen shadow-card;
     |      ^
  65 |    }
  66 |    .surface-raised {[39m
[2m10:03:27 AM[22m [31m[1m[vite][22m[39m [31m[2m(client)[22m[39m Pre-transform error: [postcss] C:/Users/kabir/OneDrive/Documents/PYTHON PROJECTS/Chess review/frontend/src/styles.css:64:5: The `bg-app-surface` class does not exist. If `bg-app-surface` is a custom class, make sure it is defined within a `@layer` directive.
  Plugin: [35mvite:css[39m
  File: [36mC:/Users/kabir/OneDrive/Documents/PYTHON PROJECTS/Chess review/frontend/src/styles.css[39m:64:4
[33m  62 |    /* A real layered card surface: sheen highlight + soft elevation. */
  63 |    .surface {
  64 |      @apply rounded-2xl border border-app-border bg-app-surface bg-surface-sheen shadow-card;
     |      ^
  65 |    }
  66 |    .surface-raised {[39m
[2m10:03:27 AM[22m [31m[1m[vite][22m[39m [31mInternal server error: [postcss] C:/Users/kabir/OneDrive/Documents/PYTHON PROJECTS/Chess review/frontend/src/styles.css:64:5: The `bg-app-surface` class does not exist. If `bg-app-surface` is a custom class, make sure it is defined within a `@layer` directive.[39m
  Plugin: [35mvite:css[39m
  File: [36mC:/Users/kabir/OneDrive/Documents/PYTHON PROJECTS/Chess review/frontend/src/styles.css[39m:64:4
[33m  62 |    /* A real layered card surface: sheen highlight + soft elevation. */
  63 |    .surface {
  64 |      @apply rounded-2xl border border-app-border bg-app-surface bg-surface-sheen shadow-card;
     |      ^
  65 |    }
  66 |    .surface-raised {[39m
      at Input.error (C:\Users\kabir\OneDrive\Documents\PYTHON PROJECTS\Chess review\frontend\node_modules\postcss\lib\input.js:135:16)
      at AtRule.error (C:\Users\kabir\OneDrive\Documents\PYTHON PROJECTS\Chess review\frontend\node_modules\postcss\lib\node.js:146:32)
      at processApply (C:\Users\kabir\OneDrive\Documents\PYTHON PROJECTS\Chess review\frontend\node_modules\tailwindcss\lib\lib\expandApplyAtRules.js:380:29)
      at C:\Users\kabir\OneDrive\Documents\PYTHON PROJECTS\Chess review\frontend\node_modules\tailwindcss\lib\lib\expandApplyAtRules.js:551:9
      at C:\Users\kabir\OneDrive\Documents\PYTHON PROJECTS\Chess review\frontend\node_modules\tailwindcss\lib\processTailwindFeatures.js:55:50
      at async plugins (C:\Users\kabir\OneDrive\Documents\PYTHON PROJECTS\Chess review\frontend\node_modules\tailwindcss\lib\plugin.js:38:17)
      at async LazyResult.runAsync (C:\Users\kabir\OneDrive\Documents\PYTHON PROJECTS\Chess review\frontend\node_modules\postcss\lib\lazy-result.js:293:11)
      at async runPostCSS (file:///C:/Users/kabir/OneDrive/Documents/PYTHON%20PROJECTS/Chess%20review/frontend/node_modules/vite/dist/node/chunks/dep-Dm0c1Wj2.js:43983:21)
      at async compilePostCSS (file:///C:/Users/kabir/OneDrive/Documents/PYTHON%20PROJECTS/Chess%20review/frontend/node_modules/vite/dist/node/chunks/dep-Dm0c1Wj2.js:43953:18)
      at async compileCSS (file:///C:/Users/kabir/OneDrive/Documents/PYTHON%20PROJECTS/Chess%20review/frontend/node_modules/vite/dist/node/chunks/dep-Dm0c1Wj2.js:43808:27)
      at async TransformPluginContext.handler (file:///C:/Users/kabir/OneDrive/Documents/PYTHON%20PROJECTS/Chess%20review/frontend/node_modules/vite/dist/node/chunks/dep-Dm0c1Wj2.js:43124:11)
      at async EnvironmentPluginContainer.transform (file:///C:/Users/kabir/OneDrive/Documents/PYTHON%20PROJECTS/Chess%20review/frontend/node_modules/vite/dist/node/chunks/dep-Dm0c1Wj2.js:42453:18)
      at async loadAndTransform (file:///C:/Users/kabir/OneDrive/Documents/PYTHON%20PROJECTS/Chess%20review/frontend/node_modules/vite/dist/node/chunks/dep-Dm0c1Wj2.js:35845:27)
      at async viteTransformMiddleware (file:///C:/Users/kabir/OneDrive/Documents/PYTHON%20PROJECTS/Chess%20review/frontend/node_modules/vite/dist/node/chunks/dep-Dm0c1Wj2.js:37369:24)
[2m10:03:50 AM[22m [31m[1m[vite][22m[39m [31mInternal server error: [postcss] C:/Users/kabir/OneDrive/Documents/PYTHON PROJECTS/Chess review/frontend/src/styles.css:64:5: The `bg-app-surface` class does not exist. If `bg-app-surface` is a custom class, make sure it is defined within a `@layer` directive.[39m
  Plugin: [35mvite:css[39m
  File: [36mC:/Users/kabir/OneDrive/Documents/PYTHON PROJECTS/Chess review/frontend/src/styles.css[39m:64:4
[33m  62 |    /* A real layered card surface: sheen highlight + soft elevation. */
  63 |    .surface {
  64 |      @apply rounded-2xl border border-app-border bg-app-surface bg-surface-sheen shadow-card;
     |      ^
  65 |    }
  66 |    .surface-raised {[39m
      at Input.error (C:\Users\kabir\OneDrive\Documents\PYTHON PROJECTS\Chess review\frontend\node_modules\postcss\lib\input.js:135:16)
      at AtRule.error (C:\Users\kabir\OneDrive\Documents\PYTHON PROJECTS\Chess review\frontend\node_modules\postcss\lib\node.js:146:32)
      at processApply (C:\Users\kabir\OneDrive\Documents\PYTHON PROJECTS\Chess review\frontend\node_modules\tailwindcss\lib\lib\expandApplyAtRules.js:380:29)
      at C:\Users\kabir\OneDrive\Documents\PYTHON PROJECTS\Chess review\frontend\node_modules\tailwindcss\lib\lib\expandApplyAtRules.js:551:9
      at C:\Users\kabir\OneDrive\Documents\PYTHON PROJECTS\Chess review\frontend\node_modules\tailwindcss\lib\processTailwindFeatures.js:55:50
      at async plugins (C:\Users\kabir\OneDrive\Documents\PYTHON PROJECTS\Chess review\frontend\node_modules\tailwindcss\lib\plugin.js:38:17)
      at async LazyResult.runAsync (C:\Users\kabir\OneDrive\Documents\PYTHON PROJECTS\Chess review\frontend\node_modules\postcss\lib\lazy-result.js:293:11)
      at async runPostCSS (file:///C:/Users/kabir/OneDrive/Documents/PYTHON%20PROJECTS/Chess%20review/frontend/node_modules/vite/dist/node/chunks/dep-Dm0c1Wj2.js:43983:21)
      at async compilePostCSS (file:///C:/Users/kabir/OneDrive/Documents/PYTHON%20PROJECTS/Chess%20review/frontend/node_modules/vite/dist/node/chunks/dep-Dm0c1Wj2.js:43953:18)
      at async compileCSS (file:///C:/Users/kabir/OneDrive/Documents/PYTHON%20PROJECTS/Chess%20review/frontend/node_modules/vite/dist/node/chunks/dep-Dm0c1Wj2.js:43808:27)
      at async TransformPluginContext.handler (file:///C:/Users/kabir/OneDrive/Documents/PYTHON%20PROJECTS/Chess%20review/frontend/node_modules/vite/dist/node/chunks/dep-Dm0c1Wj2.js:43124:11)
      at async EnvironmentPluginContainer.transform (file:///C:/Users/kabir/OneDrive/Documents/PYTHON%20PROJECTS/Chess%20review/frontend/node_modules/vite/dist/node/chunks/dep-Dm0c1Wj2.js:42453:18)
      at async loadAndTransform (file:///C:/Users/kabir/OneDrive/Documents/PYTHON%20PROJECTS/Chess%20review/frontend/node_modules/vite/dist/node/chunks/dep-Dm0c1Wj2.js:35845:27)
[2m10:03:50 AM[22m [31m[1m[vite][22m[39m [31m[2m(client)[22m[39m Pre-transform error: [postcss] C:/Users/kabir/OneDrive/Documents/PYTHON PROJECTS/Chess review/frontend/src/styles.css:64:5: The `bg-app-surface` class does not exist. If `bg-app-surface` is a custom class, make sure it is defined within a `@layer` directive.
  Plugin: [35mvite:css[39m
  File: [36mC:/Users/kabir/OneDrive/Documents/PYTHON PROJECTS/Chess review/frontend/src/styles.css[39m:64:4
[33m  62 |    /* A real layered card surface: sheen highlight + soft elevation. */
  63 |    .surface {
  64 |      @apply rounded-2xl border border-app-border bg-app-surface bg-surface-sheen shadow-card;
     |      ^
  65 |    }
  66 |    .surface-raised {[39m
[2m10:03:56 AM[22m [31m[1m[vite][22m[39m [31m[2m(client)[22m[39m Pre-transform error: [postcss] C:/Users/kabir/OneDrive/Documents/PYTHON PROJECTS/Chess review/frontend/src/styles.css:64:5: The `bg-app-surface` class does not exist. If `bg-app-surface` is a custom class, make sure it is defined within a `@layer` directive.
  Plugin: [35mvite:css[39m
  File: [36mC:/Users/kabir/OneDrive/Documents/PYTHON PROJECTS/Chess review/frontend/src/styles.css[39m:64:4
[33m  62 |    /* A real layered card surface: sheen highlight + soft elevation. */
  63 |    .surface {
  64 |      @apply rounded-2xl border border-app-border bg-app-surface bg-surface-sheen shadow-card;
     |      ^
  65 |    }
  66 |    .surface-raised {[39m
[2m10:03:57 AM[22m [31m[1m[vite][22m[39m [31mInternal server error: [postcss] C:/Users/kabir/OneDrive/Documents/PYTHON PROJECTS/Chess review/frontend/src/styles.css:64:5: The `bg-app-surface` class does not exist. If `bg-app-surface` is a custom class, make sure it is defined within a `@layer` directive.[39m
  Plugin: [35mvite:css[39m
  File: [36mC:/Users/kabir/OneDrive/Documents/PYTHON PROJECTS/Chess review/frontend/src/styles.css[39m:64:4
[33m  62 |    /* A real layered card surface: sheen highlight + soft elevation. */
  63 |    .surface {
  64 |      @apply rounded-2xl border border-app-border bg-app-surface bg-surface-sheen shadow-card;
     |      ^
  65 |    }
  66 |    .surface-raised {[39m
      at Input.error (C:\Users\kabir\OneDrive\Documents\PYTHON PROJECTS\Chess review\frontend\node_modules\postcss\lib\input.js:135:16)
      at AtRule.error (C:\Users\kabir\OneDrive\Documents\PYTHON PROJECTS\Chess review\frontend\node_modules\postcss\lib\node.js:146:32)
      at processApply (C:\Users\kabir\OneDrive\Documents\PYTHON PROJECTS\Chess review\frontend\node_modules\tailwindcss\lib\lib\expandApplyAtRules.js:380:29)
      at C:\Users\kabir\OneDrive\Documents\PYTHON PROJECTS\Chess review\frontend\node_modules\tailwindcss\lib\lib\expandApplyAtRules.js:551:9
      at C:\Users\kabir\OneDrive\Documents\PYTHON PROJECTS\Chess review\frontend\node_modules\tailwindcss\lib\processTailwindFeatures.js:55:50
      at async plugins (C:\Users\kabir\OneDrive\Documents\PYTHON PROJECTS\Chess review\frontend\node_modules\tailwindcss\lib\plugin.js:38:17)
      at async LazyResult.runAsync (C:\Users\kabir\OneDrive\Documents\PYTHON PROJECTS\Chess review\frontend\node_modules\postcss\lib\lazy-result.js:293:11)
      at async runPostCSS (file:///C:/Users/kabir/OneDrive/Documents/PYTHON%20PROJECTS/Chess%20review/frontend/node_modules/vite/dist/node/chunks/dep-Dm0c1Wj2.js:43983:21)
      at async compilePostCSS (file:///C:/Users/kabir/OneDrive/Documents/PYTHON%20PROJECTS/Chess%20review/frontend/node_modules/vite/dist/node/chunks/dep-Dm0c1Wj2.js:43953:18)
      at async compileCSS (file:///C:/Users/kabir/OneDrive/Documents/PYTHON%20PROJECTS/Chess%20review/frontend/node_modules/vite/dist/node/chunks/dep-Dm0c1Wj2.js:43808:27)
      at async TransformPluginContext.handler (file:///C:/Users/kabir/OneDrive/Documents/PYTHON%20PROJECTS/Chess%20review/frontend/node_modules/vite/dist/node/chunks/dep-Dm0c1Wj2.js:43124:11)
      at async EnvironmentPluginContainer.transform (file:///C:/Users/kabir/OneDrive/Documents/PYTHON%20PROJECTS/Chess%20review/frontend/node_modules/vite/dist/node/chunks/dep-Dm0c1Wj2.js:42453:18)
      at async loadAndTransform (file:///C:/Users/kabir/OneDrive/Documents/PYTHON%20PROJECTS/Chess%20review/frontend/node_modules/vite/dist/node/chunks/dep-Dm0c1Wj2.js:35845:27)
      at async viteTransformMiddleware (file:///C:/Users/kabir/OneDrive/Documents/PYTHON%20PROJECTS/Chess%20review/frontend/node_modules/vite/dist/node/chunks/dep-Dm0c1Wj2.js:37369:24)
[2m10:04:05 AM[22m [31m[1m[vite][22m[39m [31mInternal server error: [postcss] C:/Users/kabir/OneDrive/Documents/PYTHON PROJECTS/Chess review/frontend/src/styles.css:64:5: The `bg-app-surface` class does not exist. If `bg-app-surface` is a custom class, make sure it is defined within a `@layer` directive.[39m
  Plugin: [35mvite:css[39m
  File: [36mC:/Users/kabir/OneDrive/Documents/PYTHON PROJECTS/Chess review/frontend/src/styles.css[39m:64:4
[33m  62 |    /* A real layered card surface: sheen highlight + soft elevation. */
  63 |    .surface {
  64 |      @apply rounded-2xl border border-app-border bg-app-surface bg-surface-sheen shadow-card;
     |      ^
  65 |    }
  66 |    .surface-raised {[39m
      at Input.error (C:\Users\kabir\OneDrive\Documents\PYTHON PROJECTS\Chess review\frontend\node_modules\postcss\lib\input.js:135:16)
      at AtRule.error (C:\Users\kabir\OneDrive\Documents\PYTHON PROJECTS\Chess review\frontend\node_modules\postcss\lib\node.js:146:32)
      at processApply (C:\Users\kabir\OneDrive\Documents\PYTHON PROJECTS\Chess review\frontend\node_modules\tailwindcss\lib\lib\expandApplyAtRules.js:380:29)
      at C:\Users\kabir\OneDrive\Documents\PYTHON PROJECTS\Chess review\frontend\node_modules\tailwindcss\lib\lib\expandApplyAtRules.js:551:9
      at C:\Users\kabir\OneDrive\Documents\PYTHON PROJECTS\Chess review\frontend\node_modules\tailwindcss\lib\processTailwindFeatures.js:55:50
      at async plugins (C:\Users\kabir\OneDrive\Documents\PYTHON PROJECTS\Chess review\frontend\node_modules\tailwindcss\lib\plugin.js:38:17)
      at async LazyResult.runAsync (C:\Users\kabir\OneDrive\Documents\PYTHON PROJECTS\Chess review\frontend\node_modules\postcss\lib\lazy-result.js:293:11)
      at async runPostCSS (file:///C:/Users/kabir/OneDrive/Documents/PYTHON%20PROJECTS/Chess%20review/frontend/node_modules/vite/dist/node/chunks/dep-Dm0c1Wj2.js:43983:21)
      at async compilePostCSS (file:///C:/Users/kabir/OneDrive/Documents/PYTHON%20PROJECTS/Chess%20review/frontend/node_modules/vite/dist/node/chunks/dep-Dm0c1Wj2.js:43953:18)
      at async compileCSS (file:///C:/Users/kabir/OneDrive/Documents/PYTHON%20PROJECTS/Chess%20review/frontend/node_modules/vite/dist/node/chunks/dep-Dm0c1Wj2.js:43808:27)
      at async TransformPluginContext.handler (file:///C:/Users/kabir/OneDrive/Documents/PYTHON%20PROJECTS/Chess%20review/frontend/node_modules/vite/dist/node/chunks/dep-Dm0c1Wj2.js:43124:11)
      at async EnvironmentPluginContainer.transform (file:///C:/Users/kabir/OneDrive/Documents/PYTHON%20PROJECTS/Chess%20review/frontend/node_modules/vite/dist/node/chunks/dep-Dm0c1Wj2.js:42453:18)
      at async loadAndTransform (file:///C:/Users/kabir/OneDrive/Documents/PYTHON%20PROJECTS/Chess%20review/frontend/node_modules/vite/dist/node/chunks/dep-Dm0c1Wj2.js:35845:27)
[2m10:04:05 AM[22m [31m[1m[vite][22m[39m [31m[2m(client)[22m[39m Pre-transform error: [postcss] C:/Users/kabir/OneDrive/Documents/PYTHON PROJECTS/Chess review/frontend/src/styles.css:64:5: The `bg-app-surface` class does not exist. If `bg-app-surface` is a custom class, make sure it is defined within a `@layer` directive.
  Plugin: [35mvite:css[39m
  File: [36mC:/Users/kabir/OneDrive/Documents/PYTHON PROJECTS/Chess review/frontend/src/styles.css[39m:64:4
[33m  62 |    /* A real layered card surface: sheen highlight + soft elevation. */
  63 |    .surface {
  64 |      @apply rounded-2xl border border-app-border bg-app-surface bg-surface-sheen shadow-card;
     |      ^
  65 |    }
  66 |    .surface-raised {[39m
[2m10:04:15 AM[22m [31m[1m[vite][22m[39m [31mInternal server error: [postcss] C:/Users/kabir/OneDrive/Documents/PYTHON PROJECTS/Chess review/frontend/src/styles.css:64:5: The `bg-app-surface` class does not exist. If `bg-app-surface` is a custom class, make sure it is defined within a `@layer` directive.[39m
  Plugin: [35mvite:css[39m
  File: [36mC:/Users/kabir/OneDrive/Documents/PYTHON PROJECTS/Chess review/frontend/src/styles.css[39m:64:4
[33m  62 |    /* A real layered card surface: sheen highlight + soft elevation. */
  63 |    .surface {
  64 |      @apply rounded-2xl border border-app-border bg-app-surface bg-surface-sheen shadow-card;
     |      ^
  65 |    }
  66 |    .surface-raised {[39m
      at Input.error (C:\Users\kabir\OneDrive\Documents\PYTHON PROJECTS\Chess review\frontend\node_modules\postcss\lib\input.js:135:16)
      at AtRule.error (C:\Users\kabir\OneDrive\Documents\PYTHON PROJECTS\Chess review\frontend\node_modules\postcss\lib\node.js:146:32)
      at processApply (C:\Users\kabir\OneDrive\Documents\PYTHON PROJECTS\Chess review\frontend\node_modules\tailwindcss\lib\lib\expandApplyAtRules.js:380:29)
      at C:\Users\kabir\OneDrive\Documents\PYTHON PROJECTS\Chess review\frontend\node_modules\tailwindcss\lib\lib\expandApplyAtRules.js:551:9
      at C:\Users\kabir\OneDrive\Documents\PYTHON PROJECTS\Chess review\frontend\node_modules\tailwindcss\lib\processTailwindFeatures.js:55:50
      at async plugins (C:\Users\kabir\OneDrive\Documents\PYTHON PROJECTS\Chess review\frontend\node_modules\tailwindcss\lib\plugin.js:38:17)
      at async LazyResult.runAsync (C:\Users\kabir\OneDrive\Documents\PYTHON PROJECTS\Chess review\frontend\node_modules\postcss\lib\lazy-result.js:293:11)
      at async runPostCSS (file:///C:/Users/kabir/OneDrive/Documents/PYTHON%20PROJECTS/Chess%20review/frontend/node_modules/vite/dist/node/chunks/dep-Dm0c1Wj2.js:43983:21)
      at async compilePostCSS (file:///C:/Users/kabir/OneDrive/Documents/PYTHON%20PROJECTS/Chess%20review/frontend/node_modules/vite/dist/node/chunks/dep-Dm0c1Wj2.js:43953:18)
      at async compileCSS (file:///C:/Users/kabir/OneDrive/Documents/PYTHON%20PROJECTS/Chess%20review/frontend/node_modules/vite/dist/node/chunks/dep-Dm0c1Wj2.js:43808:27)
      at async TransformPluginContext.handler (file:///C:/Users/kabir/OneDrive/Documents/PYTHON%20PROJECTS/Chess%20review/frontend/node_modules/vite/dist/node/chunks/dep-Dm0c1Wj2.js:43124:11)
      at async EnvironmentPluginContainer.transform (file:///C:/Users/kabir/OneDrive/Documents/PYTHON%20PROJECTS/Chess%20review/frontend/node_modules/vite/dist/node/chunks/dep-Dm0c1Wj2.js:42453:18)
      at async loadAndTransform (file:///C:/Users/kabir/OneDrive/Documents/PYTHON%20PROJECTS/Chess%20review/frontend/node_modules/vite/dist/node/chunks/dep-Dm0c1Wj2.js:35845:27)
[2m10:04:15 AM[22m [31m[1m[vite][22m[39m [31m[2m(client)[22m[39m Pre-transform error: [postcss] C:/Users/kabir/OneDrive/Documents/PYTHON PROJECTS/Chess review/frontend/src/styles.css:64:5: The `bg-app-surface` class does not exist. If `bg-app-surface` is a custom class, make sure it is defined within a `@layer` directive.
  Plugin: [35mvite:css[39m
  File: [36mC:/Users/kabir/OneDrive/Documents/PYTHON PROJECTS/Chess review/frontend/src/styles.css[39m:64:4
[33m  62 |    /* A real layered card surface: sheen highlight + soft elevation. */
  63 |    .surface {
  64 |      @apply rounded-2xl border border-app-border bg-app-surface bg-surface-sheen shadow-card;
     |      ^
  65 |    }
  66 |    .surface-raised {[39m
[2m10:04:23 AM[22m [31m[1m[vite][22m[39m [31mInternal server error: [postcss] C:/Users/kabir/OneDrive/Documents/PYTHON PROJECTS/Chess review/frontend/src/styles.css:64:5: The `bg-app-surface` class does not exist. If `bg-app-surface` is a custom class, make sure it is defined within a `@layer` directive.[39m
  Plugin: [35mvite:css[39m
  File: [36mC:/Users/kabir/OneDrive/Documents/PYTHON PROJECTS/Chess review/frontend/src/styles.css[39m:64:4
[33m  62 |    /* A real layered card surface: sheen highlight + soft elevation. */
  63 |    .surface {
  64 |      @apply rounded-2xl border border-app-border bg-app-surface bg-surface-sheen shadow-card;
     |      ^
  65 |    }
  66 |    .surface-raised {[39m
      at Input.error (C:\Users\kabir\OneDrive\Documents\PYTHON PROJECTS\Chess review\frontend\node_modules\postcss\lib\input.js:135:16)
      at AtRule.error (C:\Users\kabir\OneDrive\Documents\PYTHON PROJECTS\Chess review\frontend\node_modules\postcss\lib\node.js:146:32)
      at processApply (C:\Users\kabir\OneDrive\Documents\PYTHON PROJECTS\Chess review\frontend\node_modules\tailwindcss\lib\lib\expandApplyAtRules.js:380:29)
      at C:\Users\kabir\OneDrive\Documents\PYTHON PROJECTS\Chess review\frontend\node_modules\tailwindcss\lib\lib\expandApplyAtRules.js:551:9
      at C:\Users\kabir\OneDrive\Documents\PYTHON PROJECTS\Chess review\frontend\node_modules\tailwindcss\lib\processTailwindFeatures.js:55:50
      at async plugins (C:\Users\kabir\OneDrive\Documents\PYTHON PROJECTS\Chess review\frontend\node_modules\tailwindcss\lib\plugin.js:38:17)
      at async LazyResult.runAsync (C:\Users\kabir\OneDrive\Documents\PYTHON PROJECTS\Chess review\frontend\node_modules\postcss\lib\lazy-result.js:293:11)
      at async runPostCSS (file:///C:/Users/kabir/OneDrive/Documents/PYTHON%20PROJECTS/Chess%20review/frontend/node_modules/vite/dist/node/chunks/dep-Dm0c1Wj2.js:43983:21)
      at async compilePostCSS (file:///C:/Users/kabir/OneDrive/Documents/PYTHON%20PROJECTS/Chess%20review/frontend/node_modules/vite/dist/node/chunks/dep-Dm0c1Wj2.js:43953:18)
      at async compileCSS (file:///C:/Users/kabir/OneDrive/Documents/PYTHON%20PROJECTS/Chess%20review/frontend/node_modules/vite/dist/node/chunks/dep-Dm0c1Wj2.js:43808:27)
      at async TransformPluginContext.handler (file:///C:/Users/kabir/OneDrive/Documents/PYTHON%20PROJECTS/Chess%20review/frontend/node_modules/vite/dist/node/chunks/dep-Dm0c1Wj2.js:43124:11)
      at async EnvironmentPluginContainer.transform (file:///C:/Users/kabir/OneDrive/Documents/PYTHON%20PROJECTS/Chess%20review/frontend/node_modules/vite/dist/node/chunks/dep-Dm0c1Wj2.js:42453:18)
      at async loadAndTransform (file:///C:/Users/kabir/OneDrive/Documents/PYTHON%20PROJECTS/Chess%20review/frontend/node_modules/vite/dist/node/chunks/dep-Dm0c1Wj2.js:35845:27)
[2m10:04:23 AM[22m [31m[1m[vite][22m[39m [31m[2m(client)[22m[39m Pre-transform error: [postcss] C:/Users/kabir/OneDrive/Documents/PYTHON PROJECTS/Chess review/frontend/src/styles.css:64:5: The `bg-app-surface` class does not exist. If `bg-app-surface` is a custom class, make sure it is defined within a `@layer` directive.
  Plugin: [35mvite:css[39m
  File: [36mC:/Users/kabir/OneDrive/Documents/PYTHON PROJECTS/Chess review/frontend/src/styles.css[39m:64:4
[33m  62 |    /* A real layered card surface: sheen highlight + soft elevation. */
  63 |    .surface {
  64 |      @apply rounded-2xl border border-app-border bg-app-surface bg-surface-sheen shadow-card;
     |      ^
  65 |    }
  66 |    .surface-raised {[39m
[2m10:04:31 AM[22m [31m[1m[vite][22m[39m [31mInternal server error: [postcss] C:/Users/kabir/OneDrive/Documents/PYTHON PROJECTS/Chess review/frontend/src/styles.css:64:5: The `bg-app-surface` class does not exist. If `bg-app-surface` is a custom class, make sure it is defined within a `@layer` directive.[39m
  Plugin: [35mvite:css[39m
  File: [36mC:/Users/kabir/OneDrive/Documents/PYTHON PROJECTS/Chess review/frontend/src/styles.css[39m:64:4
[33m  62 |    /* A real layered card surface: sheen highlight + soft elevation. */
  63 |    .surface {
  64 |      @apply rounded-2xl border border-app-border bg-app-surface bg-surface-sheen shadow-card;
     |      ^
  65 |    }
  66 |    .surface-raised {[39m
      at Input.error (C:\Users\kabir\OneDrive\Documents\PYTHON PROJECTS\Chess review\frontend\node_modules\postcss\lib\input.js:135:16)
      at AtRule.error (C:\Users\kabir\OneDrive\Documents\PYTHON PROJECTS\Chess review\frontend\node_modules\postcss\lib\node.js:146:32)
      at processApply (C:\Users\kabir\OneDrive\Documents\PYTHON PROJECTS\Chess review\frontend\node_modules\tailwindcss\lib\lib\expandApplyAtRules.js:380:29)
      at C:\Users\kabir\OneDrive\Documents\PYTHON PROJECTS\Chess review\frontend\node_modules\tailwindcss\lib\lib\expandApplyAtRules.js:551:9
      at C:\Users\kabir\OneDrive\Documents\PYTHON PROJECTS\Chess review\frontend\node_modules\tailwindcss\lib\processTailwindFeatures.js:55:50
      at async plugins (C:\Users\kabir\OneDrive\Documents\PYTHON PROJECTS\Chess review\frontend\node_modules\tailwindcss\lib\plugin.js:38:17)
      at async LazyResult.runAsync (C:\Users\kabir\OneDrive\Documents\PYTHON PROJECTS\Chess review\frontend\node_modules\postcss\lib\lazy-result.js:293:11)
      at async runPostCSS (file:///C:/Users/kabir/OneDrive/Documents/PYTHON%20PROJECTS/Chess%20review/frontend/node_modules/vite/dist/node/chunks/dep-Dm0c1Wj2.js:43983:21)
      at async compilePostCSS (file:///C:/Users/kabir/OneDrive/Documents/PYTHON%20PROJECTS/Chess%20review/frontend/node_modules/vite/dist/node/chunks/dep-Dm0c1Wj2.js:43953:18)
      at async compileCSS (file:///C:/Users/kabir/OneDrive/Documents/PYTHON%20PROJECTS/Chess%20review/frontend/node_modules/vite/dist/node/chunks/dep-Dm0c1Wj2.js:43808:27)
      at async TransformPluginContext.handler (file:///C:/Users/kabir/OneDrive/Documents/PYTHON%20PROJECTS/Chess%20review/frontend/node_modules/vite/dist/node/chunks/dep-Dm0c1Wj2.js:43124:11)
      at async EnvironmentPluginContainer.transform (file:///C:/Users/kabir/OneDrive/Documents/PYTHON%20PROJECTS/Chess%20review/frontend/node_modules/vite/dist/node/chunks/dep-Dm0c1Wj2.js:42453:18)
      at async loadAndTransform (file:///C:/Users/kabir/OneDrive/Documents/PYTHON%20PROJECTS/Chess%20review/frontend/node_modules/vite/dist/node/chunks/dep-Dm0c1Wj2.js:35845:27)
[2m10:04:31 AM[22m [31m[1m[vite][22m[39m [31m[2m(client)[22m[39m Pre-transform error: [postcss] C:/Users/kabir/OneDrive/Documents/PYTHON PROJECTS/Chess review/frontend/src/styles.css:64:5: The `bg-app-surface` class does not exist. If `bg-app-surface` is a custom class, make sure it is defined within a `@layer` directive.
  Plugin: [35mvite:css[39m
  File: [36mC:/Users/kabir/OneDrive/Documents/PYTHON PROJECTS/Chess review/frontend/src/styles.css[39m:64:4
[33m  62 |    /* A real layered card surface: sheen highlight + soft elevation. */
  63 |    .surface {
  64 |      @apply rounded-2xl border border-app-border bg-app-surface bg-surface-sheen shadow-card;
     |      ^
  65 |    }
  66 |    .surface-raised {[39m
[2m10:04:39 AM[22m [31m[1m[vite][22m[39m [31mInternal server error: [postcss] C:/Users/kabir/OneDrive/Documents/PYTHON PROJECTS/Chess review/frontend/src/styles.css:64:5: The `bg-app-surface` class does not exist. If `bg-app-surface` is a custom class, make sure it is defined within a `@layer` directive.[39m
  Plugin: [35mvite:css[39m
  File: [36mC:/Users/kabir/OneDrive/Documents/PYTHON PROJECTS/Chess review/frontend/src/styles.css[39m:64:4
[33m  62 |    /* A real layered card surface: sheen highlight + soft elevation. */
  63 |    .surface {
  64 |      @apply rounded-2xl border border-app-border bg-app-surface bg-surface-sheen shadow-card;
     |      ^
  65 |    }
  66 |    .surface-raised {[39m
      at Input.error (C:\Users\kabir\OneDrive\Documents\PYTHON PROJECTS\Chess review\frontend\node_modules\postcss\lib\input.js:135:16)
      at AtRule.error (C:\Users\kabir\OneDrive\Documents\PYTHON PROJECTS\Chess review\frontend\node_modules\postcss\lib\node.js:146:32)
      at processApply (C:\Users\kabir\OneDrive\Documents\PYTHON PROJECTS\Chess review\frontend\node_modules\tailwindcss\lib\lib\expandApplyAtRules.js:380:29)
      at C:\Users\kabir\OneDrive\Documents\PYTHON PROJECTS\Chess review\frontend\node_modules\tailwindcss\lib\lib\expandApplyAtRules.js:551:9
      at C:\Users\kabir\OneDrive\Documents\PYTHON PROJECTS\Chess review\frontend\node_modules\tailwindcss\lib\processTailwindFeatures.js:55:50
      at async plugins (C:\Users\kabir\OneDrive\Documents\PYTHON PROJECTS\Chess review\frontend\node_modules\tailwindcss\lib\plugin.js:38:17)
      at async LazyResult.runAsync (C:\Users\kabir\OneDrive\Documents\PYTHON PROJECTS\Chess review\frontend\node_modules\postcss\lib\lazy-result.js:293:11)
      at async runPostCSS (file:///C:/Users/kabir/OneDrive/Documents/PYTHON%20PROJECTS/Chess%20review/frontend/node_modules/vite/dist/node/chunks/dep-Dm0c1Wj2.js:43983:21)
      at async compilePostCSS (file:///C:/Users/kabir/OneDrive/Documents/PYTHON%20PROJECTS/Chess%20review/frontend/node_modules/vite/dist/node/chunks/dep-Dm0c1Wj2.js:43953:18)
      at async compileCSS (file:///C:/Users/kabir/OneDrive/Documents/PYTHON%20PROJECTS/Chess%20review/frontend/node_modules/vite/dist/node/chunks/dep-Dm0c1Wj2.js:43808:27)
      at async TransformPluginContext.handler (file:///C:/Users/kabir/OneDrive/Documents/PYTHON%20PROJECTS/Chess%20review/frontend/node_modules/vite/dist/node/chunks/dep-Dm0c1Wj2.js:43124:11)
      at async EnvironmentPluginContainer.transform (file:///C:/Users/kabir/OneDrive/Documents/PYTHON%20PROJECTS/Chess%20review/frontend/node_modules/vite/dist/node/chunks/dep-Dm0c1Wj2.js:42453:18)
      at async loadAndTransform (file:///C:/Users/kabir/OneDrive/Documents/PYTHON%20PROJECTS/Chess%20review/frontend/node_modules/vite/dist/node/chunks/dep-Dm0c1Wj2.js:35845:27)
[2m10:04:39 AM[22m [31m[1m[vite][22m[39m [31m[2m(client)[22m[39m Pre-transform error: [postcss] C:/Users/kabir/OneDrive/Documents/PYTHON PROJECTS/Chess review/frontend/src/styles.css:64:5: The `bg-app-surface` class does not exist. If `bg-app-surface` is a custom class, make sure it is defined within a `@layer` directive.
  Plugin: [35mvite:css[39m
  File: [36mC:/Users/kabir/OneDrive/Documents/PYTHON PROJECTS/Chess review/frontend/src/styles.css[39m:64:4
[33m  62 |    /* A real layered card surface: sheen highlight + soft elevation. */
  63 |    .surface {
  64 |      @apply rounded-2xl border border-app-border bg-app-surface bg-surface-sheen shadow-card;
     |      ^
  65 |    }
  66 |    .surface-raised {[39m
[2m10:07:28 AM[22m [31m[1m[vite][22m[39m [31mInternal server error: [postcss] C:/Users/kabir/OneDrive/Documents/PYTHON PROJECTS/Chess review/frontend/src/styles.css:64:5: The `bg-app-surface` class does not exist. If `bg-app-surface` is a custom class, make sure it is defined within a `@layer` directive.[39m
  Plugin: [35mvite:css[39m
  File: [36mC:/Users/kabir/OneDrive/Documents/PYTHON PROJECTS/Chess review/frontend/src/styles.css[39m:64:4
[33m  62 |    /* A real layered card surface: sheen highlight + soft elevation. */
  63 |    .surface {
  64 |      @apply rounded-2xl border border-app-border bg-app-surface bg-surface-sheen shadow-card;
     |      ^
  65 |    }
  66 |    .surface-raised {[39m
      at Input.error (C:\Users\kabir\OneDrive\Documents\PYTHON PROJECTS\Chess review\frontend\node_modules\postcss\lib\input.js:135:16)
      at AtRule.error (C:\Users\kabir\OneDrive\Documents\PYTHON PROJECTS\Chess review\frontend\node_modules\postcss\lib\node.js:146:32)
      at processApply (C:\Users\kabir\OneDrive\Documents\PYTHON PROJECTS\Chess review\frontend\node_modules\tailwindcss\lib\lib\expandApplyAtRules.js:380:29)
      at C:\Users\kabir\OneDrive\Documents\PYTHON PROJECTS\Chess review\frontend\node_modules\tailwindcss\lib\lib\expandApplyAtRules.js:551:9
      at C:\Users\kabir\OneDrive\Documents\PYTHON PROJECTS\Chess review\frontend\node_modules\tailwindcss\lib\processTailwindFeatures.js:55:50
      at async plugins (C:\Users\kabir\OneDrive\Documents\PYTHON PROJECTS\Chess review\frontend\node_modules\tailwindcss\lib\plugin.js:38:17)
      at async LazyResult.runAsync (C:\Users\kabir\OneDrive\Documents\PYTHON PROJECTS\Chess review\frontend\node_modules\postcss\lib\lazy-result.js:293:11)
      at async runPostCSS (file:///C:/Users/kabir/OneDrive/Documents/PYTHON%20PROJECTS/Chess%20review/frontend/node_modules/vite/dist/node/chunks/dep-Dm0c1Wj2.js:43983:21)
      at async compilePostCSS (file:///C:/Users/kabir/OneDrive/Documents/PYTHON%20PROJECTS/Chess%20review/frontend/node_modules/vite/dist/node/chunks/dep-Dm0c1Wj2.js:43953:18)
      at async compileCSS (file:///C:/Users/kabir/OneDrive/Documents/PYTHON%20PROJECTS/Chess%20review/frontend/node_modules/vite/dist/node/chunks/dep-Dm0c1Wj2.js:43808:27)
      at async TransformPluginContext.handler (file:///C:/Users/kabir/OneDrive/Documents/PYTHON%20PROJECTS/Chess%20review/frontend/node_modules/vite/dist/node/chunks/dep-Dm0c1Wj2.js:43124:11)
      at async EnvironmentPluginContainer.transform (file:///C:/Users/kabir/OneDrive/Documents/PYTHON%20PROJECTS/Chess%20review/frontend/node_modules/vite/dist/node/chunks/dep-Dm0c1Wj2.js:42453:18)
      at async loadAndTransform (file:///C:/Users/kabir/OneDrive/Documents/PYTHON%20PROJECTS/Chess%20review/frontend/node_modules/vite/dist/node/chunks/dep-Dm0c1Wj2.js:35845:27)
      at async viteTransformMiddleware (file:///C:/Users/kabir/OneDrive/Documents/PYTHON%20PROJECTS/Chess%20review/frontend/node_modules/vite/dist/node/chunks/dep-Dm0c1Wj2.js:37369:24)
[2m10:07:29 AM[22m [31m[1m[vite][22m[39m [31mInternal server error: [postcss] C:/Users/kabir/OneDrive/Documents/PYTHON PROJECTS/Chess review/frontend/src/styles.css:64:5: The `bg-app-surface` class does not exist. If `bg-app-surface` is a custom class, make sure it is defined within a `@layer` directive.[39m
  Plugin: [35mvite:css[39m
  File: [36mC:/Users/kabir/OneDrive/Documents/PYTHON PROJECTS/Chess review/frontend/src/styles.css[39m:64:4
[33m  62 |    /* A real layered card surface: sheen highlight + soft elevation. */
  63 |    .surface {
  64 |      @apply rounded-2xl border border-app-border bg-app-surface bg-surface-sheen shadow-card;
     |      ^
  65 |    }
  66 |    .surface-raised {[39m
      at Input.error (C:\Users\kabir\OneDrive\Documents\PYTHON PROJECTS\Chess review\frontend\node_modules\postcss\lib\input.js:135:16)
      at AtRule.error (C:\Users\kabir\OneDrive\Documents\PYTHON PROJECTS\Chess review\frontend\node_modules\postcss\lib\node.js:146:32)
      at processApply (C:\Users\kabir\OneDrive\Documents\PYTHON PROJECTS\Chess review\frontend\node_modules\tailwindcss\lib\lib\expandApplyAtRules.js:380:29)
      at C:\Users\kabir\OneDrive\Documents\PYTHON PROJECTS\Chess review\frontend\node_modules\tailwindcss\lib\lib\expandApplyAtRules.js:551:9
      at C:\Users\kabir\OneDrive\Documents\PYTHON PROJECTS\Chess review\frontend\node_modules\tailwindcss\lib\processTailwindFeatures.js:55:50
      at async plugins (C:\Users\kabir\OneDrive\Documents\PYTHON PROJECTS\Chess review\frontend\node_modules\tailwindcss\lib\plugin.js:38:17)
      at async LazyResult.runAsync (C:\Users\kabir\OneDrive\Documents\PYTHON PROJECTS\Chess review\frontend\node_modules\postcss\lib\lazy-result.js:293:11)
      at async runPostCSS (file:///C:/Users/kabir/OneDrive/Documents/PYTHON%20PROJECTS/Chess%20review/frontend/node_modules/vite/dist/node/chunks/dep-Dm0c1Wj2.js:43983:21)
      at async compilePostCSS (file:///C:/Users/kabir/OneDrive/Documents/PYTHON%20PROJECTS/Chess%20review/frontend/node_modules/vite/dist/node/chunks/dep-Dm0c1Wj2.js:43953:18)
      at async compileCSS (file:///C:/Users/kabir/OneDrive/Documents/PYTHON%20PROJECTS/Chess%20review/frontend/node_modules/vite/dist/node/chunks/dep-Dm0c1Wj2.js:43808:27)
      at async TransformPluginContext.handler (file:///C:/Users/kabir/OneDrive/Documents/PYTHON%20PROJECTS/Chess%20review/frontend/node_modules/vite/dist/node/chunks/dep-Dm0c1Wj2.js:43124:11)
      at async EnvironmentPluginContainer.transform (file:///C:/Users/kabir/OneDrive/Documents/PYTHON%20PROJECTS/Chess%20review/frontend/node_modules/vite/dist/node/chunks/dep-Dm0c1Wj2.js:42453:18)
      at async loadAndTransform (file:///C:/Users/kabir/OneDrive/Documents/PYTHON%20PROJECTS/Chess%20review/frontend/node_modules/vite/dist/node/chunks/dep-Dm0c1Wj2.js:35845:27)
      at async viteTransformMiddleware (file:///C:/Users/kabir/OneDrive/Documents/PYTHON%20PROJECTS/Chess%20review/frontend/node_modules/vite/dist/node/chunks/dep-Dm0c1Wj2.js:37369:24)
